{"/home/amy/Documents/Phase 3/Final Project/VRHotelTour-server/app.js": {"path":"/home/amy/Documents/Phase 3/Final Project/VRHotelTour-server/app.js","statementMap":{"0":{"start":{"line":1,"column":16},"end":{"line":1,"column":34}},"1":{"start":{"line":2,"column":12},"end":{"line":2,"column":21}},"2":{"start":{"line":3,"column":13},"end":{"line":3,"column":37}},"3":{"start":{"line":4,"column":15},"end":{"line":4,"column":40}},"4":{"start":{"line":5,"column":21},"end":{"line":5,"column":57}},"5":{"start":{"line":7,"column":0},"end":{"line":7,"column":23}},"6":{"start":{"line":8,"column":0},"end":{"line":8,"column":45}},"7":{"start":{"line":9,"column":0},"end":{"line":9,"column":15}},"8":{"start":{"line":10,"column":0},"end":{"line":10,"column":21}},"9":{"start":{"line":15,"column":0},"end":{"line":15,"column":20}}},"fnMap":{},"branchMap":{"0":{"loc":{"start":{"line":3,"column":13},"end":{"line":3,"column":37}},"type":"binary-expr","locations":[{"start":{"line":3,"column":13},"end":{"line":3,"column":29}},{"start":{"line":3,"column":33},"end":{"line":3,"column":37}}],"line":3}},"s":{"0":1,"1":1,"2":1,"3":1,"4":1,"5":1,"6":1,"7":1,"8":1,"9":1},"f":{},"b":{"0":[1,1]},"_coverageSchema":"1a1c01bbd47fc00a2c39e90264f33305004495a9","hash":"d0632d3d0e3ae824d6f3a2a925ca7b502806aa87"}
,"/home/amy/Documents/Phase 3/Final Project/VRHotelTour-server/config/mongoConfig.js": {"path":"/home/amy/Documents/Phase 3/Final Project/VRHotelTour-server/config/mongoConfig.js","statementMap":{"0":{"start":{"line":1,"column":24},"end":{"line":1,"column":42}},"1":{"start":{"line":2,"column":20},"end":{"line":2,"column":75}},"2":{"start":{"line":3,"column":21},"end":{"line":3,"column":59}},"3":{"start":{"line":4,"column":15},"end":{"line":4,"column":71}},"4":{"start":{"line":5,"column":0},"end":{"line":5,"column":16}},"5":{"start":{"line":6,"column":11},"end":{"line":6,"column":34}},"6":{"start":{"line":8,"column":0},"end":{"line":8,"column":19}}},"fnMap":{},"branchMap":{"0":{"loc":{"start":{"line":2,"column":20},"end":{"line":2,"column":75}},"type":"binary-expr","locations":[{"start":{"line":2,"column":20},"end":{"line":2,"column":44}},{"start":{"line":2,"column":48},"end":{"line":2,"column":75}}],"line":2},"1":{"loc":{"start":{"line":3,"column":21},"end":{"line":3,"column":59}},"type":"binary-expr","locations":[{"start":{"line":3,"column":21},"end":{"line":3,"column":46}},{"start":{"line":3,"column":50},"end":{"line":3,"column":59}}],"line":3}},"s":{"0":1,"1":1,"2":1,"3":1,"4":1,"5":1,"6":1},"f":{},"b":{"0":[1,1],"1":[1,1]},"_coverageSchema":"1a1c01bbd47fc00a2c39e90264f33305004495a9","hash":"c79ee001d7312dd49e74c375efe9bfaa287e375c"}
,"/home/amy/Documents/Phase 3/Final Project/VRHotelTour-server/controllers/HotelController.js": {"path":"/home/amy/Documents/Phase 3/Final Project/VRHotelTour-server/controllers/HotelController.js","statementMap":{"0":{"start":{"line":1,"column":10},"end":{"line":1,"column":28}},"1":{"start":{"line":2,"column":14},"end":{"line":2,"column":40}},"2":{"start":{"line":7,"column":8},"end":{"line":12,"column":9}},"3":{"start":{"line":8,"column":27},"end":{"line":8,"column":48}},"4":{"start":{"line":9,"column":12},"end":{"line":9,"column":40}},"5":{"start":{"line":11,"column":12},"end":{"line":11,"column":21}},"6":{"start":{"line":16,"column":8},"end":{"line":31,"column":9}},"7":{"start":{"line":17,"column":23},"end":{"line":17,"column":36}},"8":{"start":{"line":18,"column":12},"end":{"line":27,"column":13}},"9":{"start":{"line":19,"column":30},"end":{"line":19,"column":53}},"10":{"start":{"line":20,"column":16},"end":{"line":25,"column":17}},"11":{"start":{"line":21,"column":30},"end":{"line":23,"column":21}},"12":{"start":{"line":24,"column":20},"end":{"line":24,"column":35}},"13":{"start":{"line":26,"column":16},"end":{"line":26,"column":43}},"14":{"start":{"line":28,"column":12},"end":{"line":28,"column":24}},"15":{"start":{"line":30,"column":12},"end":{"line":30,"column":21}},"16":{"start":{"line":35,"column":8},"end":{"line":54,"column":9}},"17":{"start":{"line":36,"column":28},"end":{"line":40,"column":13}},"18":{"start":{"line":41,"column":12},"end":{"line":50,"column":13}},"19":{"start":{"line":42,"column":33},"end":{"line":42,"column":63}},"20":{"start":{"line":43,"column":16},"end":{"line":43,"column":53}},"21":{"start":{"line":45,"column":17},"end":{"line":50,"column":13}},"22":{"start":{"line":46,"column":26},"end":{"line":48,"column":17}},"23":{"start":{"line":49,"column":16},"end":{"line":49,"column":31}},"24":{"start":{"line":51,"column":12},"end":{"line":51,"column":24}},"25":{"start":{"line":53,"column":12},"end":{"line":53,"column":21}},"26":{"start":{"line":58,"column":8},"end":{"line":80,"column":9}},"27":{"start":{"line":59,"column":23},"end":{"line":59,"column":36}},"28":{"start":{"line":60,"column":28},"end":{"line":64,"column":13}},"29":{"start":{"line":65,"column":12},"end":{"line":76,"column":13}},"30":{"start":{"line":66,"column":33},"end":{"line":66,"column":67}},"31":{"start":{"line":67,"column":16},"end":{"line":75,"column":17}},"32":{"start":{"line":68,"column":30},"end":{"line":70,"column":21}},"33":{"start":{"line":71,"column":20},"end":{"line":71,"column":35}},"34":{"start":{"line":73,"column":21},"end":{"line":75,"column":17}},"35":{"start":{"line":74,"column":20},"end":{"line":74,"column":56}},"36":{"start":{"line":77,"column":12},"end":{"line":77,"column":27}},"37":{"start":{"line":79,"column":12},"end":{"line":79,"column":21}},"38":{"start":{"line":84,"column":8},"end":{"line":101,"column":9}},"39":{"start":{"line":85,"column":23},"end":{"line":85,"column":36}},"40":{"start":{"line":86,"column":12},"end":{"line":97,"column":13}},"41":{"start":{"line":87,"column":36},"end":{"line":87,"column":61}},"42":{"start":{"line":88,"column":16},"end":{"line":96,"column":17}},"43":{"start":{"line":89,"column":30},"end":{"line":91,"column":21}},"44":{"start":{"line":92,"column":20},"end":{"line":92,"column":35}},"45":{"start":{"line":94,"column":21},"end":{"line":96,"column":17}},"46":{"start":{"line":95,"column":20},"end":{"line":95,"column":59}},"47":{"start":{"line":98,"column":12},"end":{"line":98,"column":27}},"48":{"start":{"line":100,"column":12},"end":{"line":100,"column":21}},"49":{"start":{"line":106,"column":0},"end":{"line":106,"column":23}}},"fnMap":{"0":{"name":"(anonymous_0)","decl":{"start":{"line":6,"column":4},"end":{"line":6,"column":5}},"loc":{"start":{"line":6,"column":41},"end":{"line":13,"column":5}},"line":6},"1":{"name":"(anonymous_1)","decl":{"start":{"line":15,"column":4},"end":{"line":15,"column":5}},"loc":{"start":{"line":15,"column":46},"end":{"line":32,"column":5}},"line":15},"2":{"name":"(anonymous_2)","decl":{"start":{"line":34,"column":4},"end":{"line":34,"column":5}},"loc":{"start":{"line":34,"column":43},"end":{"line":55,"column":5}},"line":34},"3":{"name":"(anonymous_3)","decl":{"start":{"line":57,"column":4},"end":{"line":57,"column":5}},"loc":{"start":{"line":57,"column":44},"end":{"line":81,"column":5}},"line":57},"4":{"name":"(anonymous_4)","decl":{"start":{"line":83,"column":4},"end":{"line":83,"column":5}},"loc":{"start":{"line":83,"column":46},"end":{"line":102,"column":5}},"line":83}},"branchMap":{"0":{"loc":{"start":{"line":18,"column":12},"end":{"line":27,"column":13}},"type":"if","locations":[{"start":{"line":18,"column":12},"end":{"line":27,"column":13}},{"start":{"line":18,"column":12},"end":{"line":27,"column":13}}],"line":18},"1":{"loc":{"start":{"line":20,"column":16},"end":{"line":25,"column":17}},"type":"if","locations":[{"start":{"line":20,"column":16},"end":{"line":25,"column":17}},{"start":{"line":20,"column":16},"end":{"line":25,"column":17}}],"line":20},"2":{"loc":{"start":{"line":41,"column":12},"end":{"line":50,"column":13}},"type":"if","locations":[{"start":{"line":41,"column":12},"end":{"line":50,"column":13}},{"start":{"line":41,"column":12},"end":{"line":50,"column":13}}],"line":41},"3":{"loc":{"start":{"line":45,"column":17},"end":{"line":50,"column":13}},"type":"if","locations":[{"start":{"line":45,"column":17},"end":{"line":50,"column":13}},{"start":{"line":45,"column":17},"end":{"line":50,"column":13}}],"line":45},"4":{"loc":{"start":{"line":65,"column":12},"end":{"line":76,"column":13}},"type":"if","locations":[{"start":{"line":65,"column":12},"end":{"line":76,"column":13}},{"start":{"line":65,"column":12},"end":{"line":76,"column":13}}],"line":65},"5":{"loc":{"start":{"line":67,"column":16},"end":{"line":75,"column":17}},"type":"if","locations":[{"start":{"line":67,"column":16},"end":{"line":75,"column":17}},{"start":{"line":67,"column":16},"end":{"line":75,"column":17}}],"line":67},"6":{"loc":{"start":{"line":73,"column":21},"end":{"line":75,"column":17}},"type":"if","locations":[{"start":{"line":73,"column":21},"end":{"line":75,"column":17}},{"start":{"line":73,"column":21},"end":{"line":75,"column":17}}],"line":73},"7":{"loc":{"start":{"line":86,"column":12},"end":{"line":97,"column":13}},"type":"if","locations":[{"start":{"line":86,"column":12},"end":{"line":97,"column":13}},{"start":{"line":86,"column":12},"end":{"line":97,"column":13}}],"line":86},"8":{"loc":{"start":{"line":88,"column":16},"end":{"line":96,"column":17}},"type":"if","locations":[{"start":{"line":88,"column":16},"end":{"line":96,"column":17}},{"start":{"line":88,"column":16},"end":{"line":96,"column":17}}],"line":88},"9":{"loc":{"start":{"line":94,"column":21},"end":{"line":96,"column":17}},"type":"if","locations":[{"start":{"line":94,"column":21},"end":{"line":96,"column":17}},{"start":{"line":94,"column":21},"end":{"line":96,"column":17}}],"line":94}},"s":{"0":1,"1":1,"2":1,"3":1,"4":1,"5":0,"6":3,"7":3,"8":3,"9":3,"10":2,"11":1,"12":1,"13":1,"14":1,"15":3,"16":1,"17":1,"18":1,"19":1,"20":1,"21":0,"22":0,"23":0,"24":1,"25":1,"26":3,"27":3,"28":3,"29":3,"30":3,"31":2,"32":1,"33":1,"34":1,"35":1,"36":1,"37":3,"38":3,"39":3,"40":3,"41":3,"42":2,"43":1,"44":1,"45":1,"46":1,"47":1,"48":3,"49":1},"f":{"0":1,"1":3,"2":1,"3":3,"4":3},"b":{"0":[3,0],"1":[1,1],"2":[1,0],"3":[0,0],"4":[3,0],"5":[1,1],"6":[1,0],"7":[3,0],"8":[1,1],"9":[1,0]},"_coverageSchema":"1a1c01bbd47fc00a2c39e90264f33305004495a9","hash":"3466e40df4dd8627ae26d505518dc21a785bb3e8"}
,"/home/amy/Documents/Phase 3/Final Project/VRHotelTour-server/middleware/ErrorHandler.js": {"path":"/home/amy/Documents/Phase 3/Final Project/VRHotelTour-server/middleware/ErrorHandler.js","statementMap":{"0":{"start":{"line":3,"column":17},"end":{"line":3,"column":20}},"1":{"start":{"line":4,"column":14},"end":{"line":4,"column":49}},"2":{"start":{"line":6,"column":4},"end":{"line":13,"column":5}},"3":{"start":{"line":7,"column":8},"end":{"line":7,"column":20}},"4":{"start":{"line":8,"column":8},"end":{"line":8,"column":21}},"5":{"start":{"line":10,"column":9},"end":{"line":13,"column":5}},"6":{"start":{"line":11,"column":8},"end":{"line":11,"column":20}},"7":{"start":{"line":12,"column":8},"end":{"line":12,"column":31}},"8":{"start":{"line":14,"column":4},"end":{"line":14,"column":34}},"9":{"start":{"line":17,"column":0},"end":{"line":17,"column":29}}},"fnMap":{"0":{"name":"ErrorHandler","decl":{"start":{"line":1,"column":9},"end":{"line":1,"column":21}},"loc":{"start":{"line":1,"column":44},"end":{"line":15,"column":1}},"line":1}},"branchMap":{"0":{"loc":{"start":{"line":4,"column":14},"end":{"line":4,"column":49}},"type":"binary-expr","locations":[{"start":{"line":4,"column":14},"end":{"line":4,"column":22}},{"start":{"line":4,"column":26},"end":{"line":4,"column":49}}],"line":4},"1":{"loc":{"start":{"line":6,"column":4},"end":{"line":13,"column":5}},"type":"if","locations":[{"start":{"line":6,"column":4},"end":{"line":13,"column":5}},{"start":{"line":6,"column":4},"end":{"line":13,"column":5}}],"line":6},"2":{"loc":{"start":{"line":10,"column":9},"end":{"line":13,"column":5}},"type":"if","locations":[{"start":{"line":10,"column":9},"end":{"line":13,"column":5}},{"start":{"line":10,"column":9},"end":{"line":13,"column":5}}],"line":10},"3":{"loc":{"start":{"line":10,"column":12},"end":{"line":10,"column":70}},"type":"binary-expr","locations":[{"start":{"line":10,"column":12},"end":{"line":10,"column":36}},{"start":{"line":10,"column":40},"end":{"line":10,"column":70}}],"line":10}},"s":{"0":8,"1":8,"2":8,"3":0,"4":0,"5":8,"6":3,"7":3,"8":8,"9":1},"f":{"0":8},"b":{"0":[8,0],"1":[0,8],"2":[3,5],"3":[8,5]},"_coverageSchema":"1a1c01bbd47fc00a2c39e90264f33305004495a9","hash":"f68cf862ef3b433c0bfa24e89f1110876160f9a2"}
,"/home/amy/Documents/Phase 3/Final Project/VRHotelTour-server/models/index.js": {"path":"/home/amy/Documents/Phase 3/Final Project/VRHotelTour-server/models/index.js","statementMap":{"0":{"start":{"line":1,"column":21},"end":{"line":1,"column":39}},"1":{"start":{"line":2,"column":11},"end":{"line":2,"column":43}},"2":{"start":{"line":3,"column":23},"end":{"line":3,"column":62}},"3":{"start":{"line":4,"column":15},"end":{"line":4,"column":44}},"4":{"start":{"line":8,"column":26},"end":{"line":8,"column":49}},"5":{"start":{"line":9,"column":8},"end":{"line":9,"column":24}},"6":{"start":{"line":13,"column":22},"end":{"line":13,"column":63}},"7":{"start":{"line":14,"column":8},"end":{"line":14,"column":20}},"8":{"start":{"line":18,"column":20},"end":{"line":22,"column":9}},"9":{"start":{"line":23,"column":25},"end":{"line":23,"column":48}},"10":{"start":{"line":24,"column":8},"end":{"line":24,"column":23}},"11":{"start":{"line":28,"column":20},"end":{"line":32,"column":9}},"12":{"start":{"line":33,"column":25},"end":{"line":39,"column":9}},"13":{"start":{"line":40,"column":8},"end":{"line":40,"column":23}},"14":{"start":{"line":44,"column":29},"end":{"line":44,"column":75}},"15":{"start":{"line":45,"column":8},"end":{"line":45,"column":27}},"16":{"start":{"line":49,"column":0},"end":{"line":49,"column":22}}},"fnMap":{"0":{"name":"(anonymous_0)","decl":{"start":{"line":7,"column":4},"end":{"line":7,"column":5}},"loc":{"start":{"line":7,"column":21},"end":{"line":10,"column":5}},"line":7},"1":{"name":"(anonymous_1)","decl":{"start":{"line":12,"column":4},"end":{"line":12,"column":5}},"loc":{"start":{"line":12,"column":24},"end":{"line":15,"column":5}},"line":12},"2":{"name":"(anonymous_2)","decl":{"start":{"line":17,"column":4},"end":{"line":17,"column":5}},"loc":{"start":{"line":17,"column":31},"end":{"line":25,"column":5}},"line":17},"3":{"name":"(anonymous_3)","decl":{"start":{"line":27,"column":4},"end":{"line":27,"column":5}},"loc":{"start":{"line":27,"column":35},"end":{"line":41,"column":5}},"line":27},"4":{"name":"(anonymous_4)","decl":{"start":{"line":43,"column":4},"end":{"line":43,"column":5}},"loc":{"start":{"line":43,"column":26},"end":{"line":46,"column":5}},"line":43}},"branchMap":{"0":{"loc":{"start":{"line":3,"column":23},"end":{"line":3,"column":62}},"type":"binary-expr","locations":[{"start":{"line":3,"column":23},"end":{"line":3,"column":50}},{"start":{"line":3,"column":54},"end":{"line":3,"column":62}}],"line":3}},"s":{"0":1,"1":1,"2":1,"3":1,"4":1,"5":1,"6":3,"7":2,"8":1,"9":1,"10":1,"11":3,"12":3,"13":2,"14":3,"15":2,"16":1},"f":{"0":1,"1":3,"2":1,"3":3,"4":3},"b":{"0":[1,1]},"_coverageSchema":"1a1c01bbd47fc00a2c39e90264f33305004495a9","hash":"e6ad440ab1591c10997a473e9a8127c85be6eb15"}
,"/home/amy/Documents/Phase 3/Final Project/VRHotelTour-server/routes/index.js": {"path":"/home/amy/Documents/Phase 3/Final Project/VRHotelTour-server/routes/index.js","statementMap":{"0":{"start":{"line":1,"column":15},"end":{"line":1,"column":42}},"1":{"start":{"line":2,"column":24},"end":{"line":2,"column":65}},"2":{"start":{"line":4,"column":0},"end":{"line":4,"column":39}},"3":{"start":{"line":5,"column":0},"end":{"line":5,"column":42}},"4":{"start":{"line":6,"column":0},"end":{"line":6,"column":47}},"5":{"start":{"line":7,"column":0},"end":{"line":7,"column":45}},"6":{"start":{"line":8,"column":0},"end":{"line":8,"column":50}},"7":{"start":{"line":10,"column":0},"end":{"line":10,"column":23}}},"fnMap":{},"branchMap":{},"s":{"0":1,"1":1,"2":1,"3":1,"4":1,"5":1,"6":1,"7":1},"f":{},"b":{},"_coverageSchema":"1a1c01bbd47fc00a2c39e90264f33305004495a9","hash":"489ad1d3dc3baf48da44624b7be7776e69db6474"}
}
