TN:
SF:app.js
FNF:0
FNH:0
DA:1,1
DA:2,1
DA:3,1
DA:4,1
DA:5,1
DA:7,1
DA:8,1
DA:9,1
DA:10,1
DA:15,1
LF:10
LH:10
BRDA:3,0,0,1
BRDA:3,0,1,1
BRF:2
BRH:2
end_of_record
TN:
SF:config/mongoConfig.js
FNF:0
FNH:0
DA:1,1
DA:2,1
DA:3,1
DA:4,1
DA:5,1
DA:6,1
DA:8,1
LF:7
LH:7
BRDA:2,0,0,1
BRDA:2,0,1,1
BRDA:3,1,0,1
BRDA:3,1,1,1
BRF:4
BRH:4
end_of_record
TN:
SF:controllers/HotelController.js
FN:5,(anonymous_0)
FN:14,(anonymous_1)
FN:33,(anonymous_2)
FN:53,(anonymous_3)
FN:68,(anonymous_4)
FNF:5
FNH:3
FNDA:1,(anonymous_0)
FNDA:3,(anonymous_1)
FNDA:1,(anonymous_2)
FNDA:0,(anonymous_3)
FNDA:0,(anonymous_4)
DA:1,1
DA:6,1
DA:7,1
DA:8,1
DA:10,0
DA:15,3
DA:16,3
DA:17,3
DA:18,3
DA:19,2
DA:20,1
DA:23,1
DA:25,1
DA:27,1
DA:29,3
DA:34,1
DA:35,1
DA:40,1
DA:41,0
DA:44,0
DA:46,1
DA:47,1
DA:49,0
DA:54,0
DA:55,0
DA:56,0
DA:61,0
DA:62,0
DA:64,0
DA:69,0
DA:70,0
DA:71,0
DA:72,0
DA:74,0
DA:80,1
LF:35
LH:20
BRDA:17,0,0,3
BRDA:17,0,1,0
BRDA:19,1,0,1
BRDA:19,1,1,1
BRDA:40,2,0,0
BRDA:40,2,1,1
BRF:6
BRH:4
end_of_record
TN:
SF:middleware/ErrorHandler.js
FN:1,ErrorHandler
FNF:1
FNH:1
FNDA:2,ErrorHandler
DA:3,2
DA:4,2
DA:6,2
DA:7,0
DA:8,0
DA:10,2
DA:11,1
DA:12,1
DA:14,2
DA:17,1
LF:10
LH:8
BRDA:4,0,0,2
BRDA:4,0,1,0
BRDA:6,1,0,0
BRDA:6,1,1,2
BRDA:10,2,0,1
BRDA:10,2,1,1
BRDA:10,3,0,2
BRDA:10,3,1,1
BRF:8
BRH:6
end_of_record
TN:
SF:models/index.js
FN:7,(anonymous_0)
FN:12,(anonymous_1)
FN:17,(anonymous_2)
FN:27,(anonymous_3)
FN:43,(anonymous_4)
FNF:5
FNH:3
FNDA:1,(anonymous_0)
FNDA:3,(anonymous_1)
FNDA:1,(anonymous_2)
FNDA:0,(anonymous_3)
FNDA:0,(anonymous_4)
DA:1,1
DA:2,1
DA:3,1
DA:4,1
DA:8,1
DA:9,1
DA:13,3
DA:14,2
DA:18,1
DA:23,1
DA:24,1
DA:28,0
DA:33,0
DA:40,0
DA:44,0
DA:45,0
DA:49,1
LF:17
LH:12
BRDA:3,0,0,1
BRDA:3,0,1,1
BRF:2
BRH:2
end_of_record
TN:
SF:routes/index.js
FNF:0
FNH:0
DA:1,1
DA:2,1
DA:4,1
DA:5,1
DA:6,1
DA:7,1
DA:8,1
DA:10,1
LF:8
LH:8
BRF:0
BRH:0
end_of_record
