TN:
SF:app.js
FNF:0
FNH:0
DA:1,1
DA:2,1
DA:3,1
DA:4,1
DA:5,1
DA:7,1
DA:8,1
DA:9,1
DA:10,1
DA:15,1
LF:10
LH:10
BRDA:3,0,0,1
BRDA:3,0,1,1
BRF:2
BRH:2
end_of_record
TN:
SF:config/mongoConfig.js
FNF:0
FNH:0
DA:1,1
DA:2,1
DA:3,1
DA:4,1
DA:5,1
DA:6,1
DA:8,1
LF:7
LH:7
BRDA:2,0,0,1
BRDA:2,0,1,1
BRDA:3,1,0,1
BRDA:3,1,1,1
BRF:4
BRH:4
end_of_record
TN:
SF:controllers/HotelController.js
FN:6,(anonymous_0)
FN:15,(anonymous_1)
FN:34,(anonymous_2)
FN:57,(anonymous_3)
FN:83,(anonymous_4)
FNF:5
FNH:5
FNDA:1,(anonymous_0)
FNDA:3,(anonymous_1)
FNDA:1,(anonymous_2)
FNDA:3,(anonymous_3)
FNDA:3,(anonymous_4)
DA:1,1
DA:2,1
DA:7,1
DA:8,1
DA:9,1
DA:11,0
DA:16,3
DA:17,3
DA:18,3
DA:19,3
DA:20,2
DA:21,1
DA:24,1
DA:26,1
DA:28,1
DA:30,3
DA:35,1
DA:36,1
DA:41,1
DA:42,1
DA:43,1
DA:45,0
DA:46,0
DA:49,0
DA:51,1
DA:53,1
DA:58,3
DA:59,3
DA:60,3
DA:65,3
DA:66,3
DA:67,2
DA:68,1
DA:71,1
DA:73,1
DA:74,1
DA:77,1
DA:79,3
DA:84,3
DA:85,3
DA:86,3
DA:87,3
DA:88,2
DA:89,1
DA:92,1
DA:94,1
DA:95,1
DA:98,1
DA:100,3
DA:106,1
LF:50
LH:46
BRDA:18,0,0,3
BRDA:18,0,1,0
BRDA:20,1,0,1
BRDA:20,1,1,1
BRDA:41,2,0,1
BRDA:41,2,1,0
BRDA:45,3,0,0
BRDA:45,3,1,0
BRDA:65,4,0,3
BRDA:65,4,1,0
BRDA:67,5,0,1
BRDA:67,5,1,1
BRDA:73,6,0,1
BRDA:73,6,1,0
BRDA:86,7,0,3
BRDA:86,7,1,0
BRDA:88,8,0,1
BRDA:88,8,1,1
BRDA:94,9,0,1
BRDA:94,9,1,0
BRF:20
BRH:12
end_of_record
TN:
SF:middleware/ErrorHandler.js
FN:1,ErrorHandler
FNF:1
FNH:1
FNDA:8,ErrorHandler
DA:3,8
DA:4,8
DA:6,8
DA:7,0
DA:8,0
DA:10,8
DA:11,3
DA:12,3
DA:14,8
DA:17,1
LF:10
LH:8
BRDA:4,0,0,8
BRDA:4,0,1,0
BRDA:6,1,0,0
BRDA:6,1,1,8
BRDA:10,2,0,3
BRDA:10,2,1,5
BRDA:10,3,0,8
BRDA:10,3,1,5
BRF:8
BRH:6
end_of_record
TN:
SF:models/index.js
FN:7,(anonymous_0)
FN:12,(anonymous_1)
FN:17,(anonymous_2)
FN:27,(anonymous_3)
FN:43,(anonymous_4)
FNF:5
FNH:5
FNDA:1,(anonymous_0)
FNDA:3,(anonymous_1)
FNDA:1,(anonymous_2)
FNDA:3,(anonymous_3)
FNDA:3,(anonymous_4)
DA:1,1
DA:2,1
DA:3,1
DA:4,1
DA:8,1
DA:9,1
DA:13,3
DA:14,2
DA:18,1
DA:23,1
DA:24,1
DA:28,3
DA:33,3
DA:40,2
DA:44,3
DA:45,2
DA:49,1
LF:17
LH:17
BRDA:3,0,0,1
BRDA:3,0,1,1
BRF:2
BRH:2
end_of_record
TN:
SF:routes/index.js
FNF:0
FNH:0
DA:1,1
DA:2,1
DA:4,1
DA:5,1
DA:6,1
DA:7,1
DA:8,1
DA:10,1
LF:8
LH:8
BRF:0
BRH:0
end_of_record
